{"uuid":"3e981c09-927a-494f-9ff8-0adbb418caba","historyId":"e0de79b954f61021e1b285cf792fc2d4","testCaseId":"34e124393c59ef9a088cb52bc03b5e47","fullName":"src/test/resources/Features/Verify_Pending_timesheets.feature:10","labels":[{"name":"host","value":"LAPTOP-J9CV2VD6"},{"name":"thread","value":"16612@LAPTOP-J9CV2VD6.main(1)"},{"name":"feature","value":"This feature is used to get the pending timesheet"},{"name":"story","value":"This scenario is verify the pending timesheet"},{"name":"suite","value":"This feature is used to get the pending timesheet"},{"name":"testClass","value":"This scenario is verify the pending timesheet"},{"name":"framework","value":"cucumber6jvm"},{"name":"language","value":"java"},{"name":"gherkin_uri","value":"file:///D:/eclipse%20olderversion/CucumberFrameworkDevelopment/src/test/resources/Features/Verify_Pending_timesheets.feature"},{"name":"package","value":"src.test.resources.Features.Verify_Pending_timesheets_feature.This feature is used to get the pending timesheet"}],"links":[],"name":"This scenario is verify the pending timesheet","status":"failed","statusDetails":{"known":false,"muted":false,"flaky":false,"message":"no such element: Unable to locate element: {\"method\":\"xpath\",\"selector\":\"//*[@id=\"app\"]/div[1]/div[2]/div[2]/div/form/div[2]/div/div[1]/p\"}\n  (Session info: chrome=127.0.6533.120)\nFor documentation on this error, please visit: https://www.selenium.dev/documentation/webdriver/troubleshooting/errors#no-such-element-exception\nBuild info: version: '4.15.0', revision: '1d14b5521b'\nSystem info: os.name: 'Windows 10', os.arch: 'amd64', os.version: '10.0', java.version: '11.0.18'\nDriver info: org.openqa.selenium.chrome.ChromeDriver\nCommand: [155e434f466ec43efc9849619be9a6d7, findElement {using=xpath, value=//*[@id=\"app\"]/div[1]/div[2]/div[2]/div/form/div[2]/div/div[1]/p}]\nCapabilities {acceptInsecureCerts: false, browserName: chrome, browserVersion: 127.0.6533.120, chrome: {chromedriverVersion: 127.0.6533.119 (bdef6783a05..., userDataDir: C:\\Users\\Rafeek\\AppData\\Loc...}, fedcm:accounts: true, goog:chromeOptions: {debuggerAddress: localhost:61416}, networkConnectionEnabled: false, pageLoadStrategy: normal, platformName: windows, proxy: Proxy(), se:cdp: ws://localhost:61416/devtoo..., se:cdpVersion: 127.0.6533.120, setWindowRect: true, strictFileInteractability: false, timeouts: {implicit: 0, pageLoad: 300000, script: 30000}, unhandledPromptBehavior: dismiss and notify, webauthn:extension:credBlob: true, webauthn:extension:largeBlob: true, webauthn:extension:minPinLength: true, webauthn:extension:prf: true, webauthn:virtualAuthenticators: true}\nSession ID: 155e434f466ec43efc9849619be9a6d7","trace":"java.lang.AssertionError: no such element: Unable to locate element: {\"method\":\"xpath\",\"selector\":\"//*[@id=\"app\"]/div[1]/div[2]/div[2]/div/form/div[2]/div/div[1]/p\"}\n  (Session info: chrome=127.0.6533.120)\nFor documentation on this error, please visit: https://www.selenium.dev/documentation/webdriver/troubleshooting/errors#no-such-element-exception\nBuild info: version: '4.15.0', revision: '1d14b5521b'\nSystem info: os.name: 'Windows 10', os.arch: 'amd64', os.version: '10.0', java.version: '11.0.18'\nDriver info: org.openqa.selenium.chrome.ChromeDriver\nCommand: [155e434f466ec43efc9849619be9a6d7, findElement {using=xpath, value=//*[@id=\"app\"]/div[1]/div[2]/div[2]/div/form/div[2]/div/div[1]/p}]\nCapabilities {acceptInsecureCerts: false, browserName: chrome, browserVersion: 127.0.6533.120, chrome: {chromedriverVersion: 127.0.6533.119 (bdef6783a05..., userDataDir: C:\\Users\\Rafeek\\AppData\\Loc...}, fedcm:accounts: true, goog:chromeOptions: {debuggerAddress: localhost:61416}, networkConnectionEnabled: false, pageLoadStrategy: normal, platformName: windows, proxy: Proxy(), se:cdp: ws://localhost:61416/devtoo..., se:cdpVersion: 127.0.6533.120, setWindowRect: true, strictFileInteractability: false, timeouts: {implicit: 0, pageLoad: 300000, script: 30000}, unhandledPromptBehavior: dismiss and notify, webauthn:extension:credBlob: true, webauthn:extension:largeBlob: true, webauthn:extension:minPinLength: true, webauthn:extension:prf: true, webauthn:virtualAuthenticators: true}\nSession ID: 155e434f466ec43efc9849619be9a6d7\r\n\tat org.junit.Assert.fail(Assert.java:89)\r\n\tat com.lao.step_definitons.Verify_Pending_Timesheets_Step_DEf.user_should_see_the_message_as(Verify_Pending_Timesheets_Step_DEf.java:95)\r\n\tat ✽.User should see the message as \"No Timesheets Found\"(file:///D:/eclipse%20olderversion/CucumberFrameworkDevelopment/src/test/resources/Features/Verify_Pending_timesheets.feature:7)\r\n"},"stage":"finished","steps":[{"name":"Given User should be looged on home page successfully","status":"passed","statusDetails":{"known":false,"muted":false,"flaky":false},"stage":"finished","steps":[],"attachments":[],"parameters":[],"start":1724164909001,"stop":1724164909023},{"name":"com.lao.step_definitons.Common_Step_Definitions.attachScreenshot(io.cucumber.java.Scenario)","status":"passed","statusDetails":{"known":false,"muted":false,"flaky":false},"stage":"finished","steps":[],"attachments":[],"parameters":[],"start":1724164909024,"stop":1724164909025},{"name":"When User clicks Time option from menu bar","status":"passed","statusDetails":{"known":false,"muted":false,"flaky":false},"stage":"finished","steps":[],"attachments":[],"parameters":[],"start":1724164909025,"stop":1724164930204},{"name":"com.lao.step_definitons.Common_Step_Definitions.attachScreenshot(io.cucumber.java.Scenario)","status":"passed","statusDetails":{"known":false,"muted":false,"flaky":false},"stage":"finished","steps":[],"attachments":[],"parameters":[],"start":1724164930205,"stop":1724164930205},{"name":"And User enters the employee name in Timesheet page as \"Orange Test\"","status":"passed","statusDetails":{"known":false,"muted":false,"flaky":false},"stage":"finished","steps":[],"attachments":[],"parameters":[],"start":1724164930206,"stop":1724164935445},{"name":"com.lao.step_definitons.Common_Step_Definitions.attachScreenshot(io.cucumber.java.Scenario)","status":"passed","statusDetails":{"known":false,"muted":false,"flaky":false},"stage":"finished","steps":[],"attachments":[],"parameters":[],"start":1724164935446,"stop":1724164935447},{"name":"And USer clicks the view button","status":"passed","statusDetails":{"known":false,"muted":false,"flaky":false},"stage":"finished","steps":[],"attachments":[],"parameters":[],"start":1724164935448,"stop":1724164935579},{"name":"com.lao.step_definitons.Common_Step_Definitions.attachScreenshot(io.cucumber.java.Scenario)","status":"passed","statusDetails":{"known":false,"muted":false,"flaky":false},"stage":"finished","steps":[],"attachments":[],"parameters":[],"start":1724164935580,"stop":1724164935580},{"name":"Then User should see the message as \"No Timesheets Found\"","status":"failed","statusDetails":{"known":false,"muted":false,"flaky":false,"message":"no such element: Unable to locate element: {\"method\":\"xpath\",\"selector\":\"//*[@id=\"app\"]/div[1]/div[2]/div[2]/div/form/div[2]/div/div[1]/p\"}\n  (Session info: chrome=127.0.6533.120)\nFor documentation on this error, please visit: https://www.selenium.dev/documentation/webdriver/troubleshooting/errors#no-such-element-exception\nBuild info: version: '4.15.0', revision: '1d14b5521b'\nSystem info: os.name: 'Windows 10', os.arch: 'amd64', os.version: '10.0', java.version: '11.0.18'\nDriver info: org.openqa.selenium.chrome.ChromeDriver\nCommand: [155e434f466ec43efc9849619be9a6d7, findElement {using=xpath, value=//*[@id=\"app\"]/div[1]/div[2]/div[2]/div/form/div[2]/div/div[1]/p}]\nCapabilities {acceptInsecureCerts: false, browserName: chrome, browserVersion: 127.0.6533.120, chrome: {chromedriverVersion: 127.0.6533.119 (bdef6783a05..., userDataDir: C:\\Users\\Rafeek\\AppData\\Loc...}, fedcm:accounts: true, goog:chromeOptions: {debuggerAddress: localhost:61416}, networkConnectionEnabled: false, pageLoadStrategy: normal, platformName: windows, proxy: Proxy(), se:cdp: ws://localhost:61416/devtoo..., se:cdpVersion: 127.0.6533.120, setWindowRect: true, strictFileInteractability: false, timeouts: {implicit: 0, pageLoad: 300000, script: 30000}, unhandledPromptBehavior: dismiss and notify, webauthn:extension:credBlob: true, webauthn:extension:largeBlob: true, webauthn:extension:minPinLength: true, webauthn:extension:prf: true, webauthn:virtualAuthenticators: true}\nSession ID: 155e434f466ec43efc9849619be9a6d7","trace":"java.lang.AssertionError: no such element: Unable to locate element: {\"method\":\"xpath\",\"selector\":\"//*[@id=\"app\"]/div[1]/div[2]/div[2]/div/form/div[2]/div/div[1]/p\"}\n  (Session info: chrome=127.0.6533.120)\nFor documentation on this error, please visit: https://www.selenium.dev/documentation/webdriver/troubleshooting/errors#no-such-element-exception\nBuild info: version: '4.15.0', revision: '1d14b5521b'\nSystem info: os.name: 'Windows 10', os.arch: 'amd64', os.version: '10.0', java.version: '11.0.18'\nDriver info: org.openqa.selenium.chrome.ChromeDriver\nCommand: [155e434f466ec43efc9849619be9a6d7, findElement {using=xpath, value=//*[@id=\"app\"]/div[1]/div[2]/div[2]/div/form/div[2]/div/div[1]/p}]\nCapabilities {acceptInsecureCerts: false, browserName: chrome, browserVersion: 127.0.6533.120, chrome: {chromedriverVersion: 127.0.6533.119 (bdef6783a05..., userDataDir: C:\\Users\\Rafeek\\AppData\\Loc...}, fedcm:accounts: true, goog:chromeOptions: {debuggerAddress: localhost:61416}, networkConnectionEnabled: false, pageLoadStrategy: normal, platformName: windows, proxy: Proxy(), se:cdp: ws://localhost:61416/devtoo..., se:cdpVersion: 127.0.6533.120, setWindowRect: true, strictFileInteractability: false, timeouts: {implicit: 0, pageLoad: 300000, script: 30000}, unhandledPromptBehavior: dismiss and notify, webauthn:extension:credBlob: true, webauthn:extension:largeBlob: true, webauthn:extension:minPinLength: true, webauthn:extension:prf: true, webauthn:virtualAuthenticators: true}\nSession ID: 155e434f466ec43efc9849619be9a6d7\r\n\tat org.junit.Assert.fail(Assert.java:89)\r\n\tat com.lao.step_definitons.Verify_Pending_Timesheets_Step_DEf.user_should_see_the_message_as(Verify_Pending_Timesheets_Step_DEf.java:95)\r\n\tat ✽.User should see the message as \"No Timesheets Found\"(file:///D:/eclipse%20olderversion/CucumberFrameworkDevelopment/src/test/resources/Features/Verify_Pending_timesheets.feature:7)\r\n"},"stage":"finished","steps":[],"attachments":[],"parameters":[],"start":1724164935581,"stop":1724164935651},{"name":"com.lao.step_definitons.Common_Step_Definitions.attachScreenshot(io.cucumber.java.Scenario)","status":"passed","statusDetails":{"known":false,"muted":false,"flaky":false},"stage":"finished","steps":[],"attachments":[{"name":"Failed_sceanrio","source":"bf30a4b1-2a0a-4baf-a4a4-37cf1f070961-attachment","type":"image/png"}],"parameters":[],"start":1724164935671,"stop":1724164935973}],"attachments":[],"parameters":[{"name":"Message","value":"No Timesheets Found"}],"start":1724164908975,"stop":1724164935989}